<?xml version="1.0" encoding="UTF-8" ?>
<testsuite tests="33" failures="0" name="AVLTree_ESTest" time="0.136" errors="0" skipped="0">
  <properties>
    <property name="java.runtime.name" value="Java(TM) SE Runtime Environment"/>
    <property name="sun.boot.library.path" value="C:\Program Files\Java\jdk1.8.0_311\jre\bin"/>
    <property name="java.vm.version" value="25.311-b11"/>
    <property name="java.vm.vendor" value="Oracle Corporation"/>
    <property name="maven.multiModuleProjectDirectory" value="C:\UH\Spring2022\PAT\classwork\avlTreeHW"/>
    <property name="java.vendor.url" value="http://java.oracle.com/"/>
    <property name="path.separator" value=";"/>
    <property name="guice.disable.misplaced.annotation.check" value="true"/>
    <property name="java.vm.name" value="Java HotSpot(TM) 64-Bit Server VM"/>
    <property name="file.encoding.pkg" value="sun.io"/>
    <property name="user.script" value=""/>
    <property name="user.country" value="US"/>
    <property name="sun.java.launcher" value="SUN_STANDARD"/>
    <property name="sun.os.patch.level" value=""/>
    <property name="java.vm.specification.name" value="Java Virtual Machine Specification"/>
    <property name="user.dir" value="C:\UH\Spring2022\PAT\classwork\avlTreeHW"/>
    <property name="java.runtime.version" value="1.8.0_311-b11"/>
    <property name="java.awt.graphicsenv" value="sun.awt.Win32GraphicsEnvironment"/>
    <property name="java.endorsed.dirs" value="C:\Program Files\Java\jdk1.8.0_311\jre\lib\endorsed"/>
    <property name="os.arch" value="amd64"/>
    <property name="java.io.tmpdir" value="C:\Users\sampa\AppData\Local\Temp\"/>
    <property name="line.separator" value="
"/>
    <property name="java.vm.specification.vendor" value="Oracle Corporation"/>
    <property name="user.variant" value=""/>
    <property name="os.name" value="Windows 10"/>
    <property name="classworlds.conf" value="C:\Program Files\apache-maven-3.8.5\bin\m2.conf"/>
    <property name="sun.jnu.encoding" value="Cp1252"/>
    <property name="java.library.path" value="C:\Program Files\Java\jdk1.8.0_311\bin;C:\Windows\Sun\Java\bin;C:\Windows\system32;C:\Windows;C:\Program Files\Java\jdk1.8.0_311\bin;C:\Program Files (x86)\Java\jre1.8.0_321\bin;C:\Program Files\Common Files\Oracle\Java\javapath;C:\Windows\system32;C:\Windows;C:\Windows\System32\Wbem;C:\Windows\System32\WindowsPowerShell\v1.0\;C:\Windows\System32\OpenSSH\;C:\Program Files\Git\cmd;C:\Program Files\Java\jdk1.8.0_311\bin;C:\Program Files (x86)\Java\jre1.8.0_321\bin;C:\Users\sampa\AppData\Local\Microsoft\WindowsApps;C:\Users\sampa\AppData\Local\Programs\Microsoft VS Code\bin;C:\Users\sampa\AppData\Roaming\TinyTeX\bin\win32;C:\Program Files\JetBrains\IntelliJ IDEA Community Edition 2021.3.2\bin;;C:\Program Files\apache-maven-3.8.5\bin;;."/>
    <property name="maven.conf" value="C:\Program Files\apache-maven-3.8.5/conf"/>
    <property name="java.specification.name" value="Java Platform API Specification"/>
    <property name="java.class.version" value="52.0"/>
    <property name="sun.management.compiler" value="HotSpot 64-Bit Tiered Compilers"/>
    <property name="os.version" value="10.0"/>
    <property name="library.jansi.path" value="C:\Program Files\apache-maven-3.8.5\lib\jansi-native"/>
    <property name="user.home" value="C:\Users\sampa"/>
    <property name="user.timezone" value="America/Chicago"/>
    <property name="java.awt.printerjob" value="sun.awt.windows.WPrinterJob"/>
    <property name="java.specification.version" value="1.8"/>
    <property name="file.encoding" value="Cp1252"/>
    <property name="user.name" value="sampa"/>
    <property name="java.class.path" value="C:\Program Files\apache-maven-3.8.5\boot\plexus-classworlds-2.6.0.jar"/>
    <property name="java.vm.specification.version" value="1.8"/>
    <property name="sun.arch.data.model" value="64"/>
    <property name="java.home" value="C:\Program Files\Java\jdk1.8.0_311\jre"/>
    <property name="sun.java.command" value="org.codehaus.plexus.classworlds.launcher.Launcher test"/>
    <property name="java.specification.vendor" value="Oracle Corporation"/>
    <property name="user.language" value="en"/>
    <property name="awt.toolkit" value="sun.awt.windows.WToolkit"/>
    <property name="java.vm.info" value="mixed mode"/>
    <property name="java.version" value="1.8.0_311"/>
    <property name="java.ext.dirs" value="C:\Program Files\Java\jdk1.8.0_311\jre\lib\ext;C:\Windows\Sun\Java\lib\ext"/>
    <property name="sun.boot.class.path" value="C:\Program Files\Java\jdk1.8.0_311\jre\lib\resources.jar;C:\Program Files\Java\jdk1.8.0_311\jre\lib\rt.jar;C:\Program Files\Java\jdk1.8.0_311\jre\lib\sunrsasign.jar;C:\Program Files\Java\jdk1.8.0_311\jre\lib\jsse.jar;C:\Program Files\Java\jdk1.8.0_311\jre\lib\jce.jar;C:\Program Files\Java\jdk1.8.0_311\jre\lib\charsets.jar;C:\Program Files\Java\jdk1.8.0_311\jre\lib\jfr.jar;C:\Program Files\Java\jdk1.8.0_311\jre\classes"/>
    <property name="sun.stderr.encoding" value="cp437"/>
    <property name="java.vendor" value="Oracle Corporation"/>
    <property name="maven.home" value="C:\Program Files\apache-maven-3.8.5"/>
    <property name="file.separator" value="\"/>
    <property name="java.vendor.url.bug" value="http://bugreport.sun.com/bugreport/"/>
    <property name="sun.cpu.endian" value="little"/>
    <property name="sun.io.unicode.encoding" value="UnicodeLittle"/>
    <property name="sun.stdout.encoding" value="cp437"/>
    <property name="sun.desktop" value="windows"/>
    <property name="sun.cpu.isalist" value="amd64"/>
  </properties>
  <testcase classname="AVLTree_ESTest" name="test01" time="0.019"/>
  <testcase classname="AVLTree_ESTest" name="test23" time="0.002"/>
  <testcase classname="AVLTree_ESTest" name="test00" time="0.016"/>
  <testcase classname="AVLTree_ESTest" name="test22" time="0.003"/>
  <testcase classname="AVLTree_ESTest" name="test21" time="0.003"/>
  <testcase classname="AVLTree_ESTest" name="test20" time="0.004"/>
  <testcase classname="AVLTree_ESTest" name="test05" time="0.003"/>
  <testcase classname="AVLTree_ESTest" name="test27" time="0.003"/>
  <testcase classname="AVLTree_ESTest" name="test04" time="0.002"/>
  <testcase classname="AVLTree_ESTest" name="test26" time="0.003"/>
  <testcase classname="AVLTree_ESTest" name="test03" time="0.005"/>
  <testcase classname="AVLTree_ESTest" name="test25" time="0.002"/>
  <testcase classname="AVLTree_ESTest" name="test02" time="0.002"/>
  <testcase classname="AVLTree_ESTest" name="test24" time="0.003"/>
  <testcase classname="AVLTree_ESTest" name="test09" time="0.002"/>
  <testcase classname="AVLTree_ESTest" name="test08" time="0.004"/>
  <testcase classname="AVLTree_ESTest" name="test07" time="0.002"/>
  <testcase classname="AVLTree_ESTest" name="test29" time="0.002"/>
  <testcase classname="AVLTree_ESTest" name="test06" time="0.002"/>
  <testcase classname="AVLTree_ESTest" name="test28" time="0.002"/>
  <testcase classname="AVLTree_ESTest" name="test12" time="0.004"/>
  <testcase classname="AVLTree_ESTest" name="test11" time="0.011"/>
  <testcase classname="AVLTree_ESTest" name="test10" time="0.003"/>
  <testcase classname="AVLTree_ESTest" name="test32" time="0.002"/>
  <testcase classname="AVLTree_ESTest" name="test31" time="0.002"/>
  <testcase classname="AVLTree_ESTest" name="test16" time="0.001"/>
  <testcase classname="AVLTree_ESTest" name="test15" time="0.002"/>
  <testcase classname="AVLTree_ESTest" name="test14" time="0.002"/>
  <testcase classname="AVLTree_ESTest" name="test13" time="0.009"/>
  <testcase classname="AVLTree_ESTest" name="test19" time="0.003"/>
  <testcase classname="AVLTree_ESTest" name="test18" time="0.002"/>
  <testcase classname="AVLTree_ESTest" name="test17" time="0.009"/>
  <testcase classname="AVLTree_ESTest" name="test30" time="0.002"/>
</testsuite>